<?xml version="1.0" encoding="UTF-8"?>
<!-- Generated by org.testng.reporters.JUnitReportReporter -->
<testsuite hostname="Salman" failures="0" tests="1" name="paralleltest.BaseTest" time="5.691" errors="0" timestamp="2024-03-17T12:07:11 IST" skipped="0">
  <testcase classname="paralleltest.BaseTest" name="setUp" time="5.691"/>
  <system-out/>
</testsuite> <!-- paralleltest.BaseTest -->
