<?xml version="1.0" encoding="UTF-8"?>
<!-- Generated by org.testng.reporters.JUnitReportReporter -->
<testsuite hostname="Salman" failures="0" tests="2" name="excludetest.ClassOne" time="0.002" errors="0" timestamp="2024-02-13T16:04:40 IST" skipped="0">
  <testcase classname="excludetest.ClassOne" name="testTwo" time="0.001"/>
  <system-out/>
  <testcase classname="excludetest.ClassOne" name="testOne" time="0.001"/>
  <system-out/>
</testsuite> <!-- excludetest.ClassOne -->
