<?xml version="1.0" encoding="UTF-8"?>
<!-- Generated by org.testng.reporters.JUnitReportReporter -->
<testsuite hostname="Salman" failures="0" tests="1" name="paralleltest.ParallelTest1" time="7.718" errors="0" timestamp="2024-03-17T15:55:47 IST" skipped="0">
  <testcase classname="paralleltest.ParallelTest1" name="Test1" time="7.718"/>
  <system-out/>
</testsuite> <!-- paralleltest.ParallelTest1 -->
