<?xml version="1.0" encoding="UTF-8"?>
<!-- Generated by org.testng.reporters.JUnitReportReporter -->
<testsuite hostname="Salman" failures="0" tests="1" name="crossbrowser.CrossBrowserTest" time="5.836" errors="0" timestamp="2024-03-17T12:05:04 IST" skipped="0">
  <testcase classname="crossbrowser.CrossBrowserTest" name="openBrowser" time="5.836"/>
  <system-out/>
</testsuite> <!-- crossbrowser.CrossBrowserTest -->
