<?xml version="1.0" encoding="UTF-8"?>
<!-- Generated by org.testng.reporters.JUnitReportReporter -->
<testsuite hostname="Salman" failures="0" tests="1" name="paralleltest.ParallelTest2" time="7.715" errors="0" timestamp="2024-03-17T15:55:47 IST" skipped="0">
  <testcase classname="paralleltest.ParallelTest2" name="Test2" time="7.715"/>
  <system-out/>
</testsuite> <!-- paralleltest.ParallelTest2 -->
