<?xml version="1.0" encoding="UTF-8"?>
<!-- Generated by org.testng.reporters.JUnitReportReporter -->
<testsuite hostname="Salman" failures="0" tests="3" name="excludetest.ClassThree" time="0.000" errors="0" timestamp="2024-02-13T16:04:40 IST" skipped="0">
  <testcase classname="excludetest.ClassThree" name="testTwo" time="0.000"/>
  <system-out/>
  <testcase classname="excludetest.ClassThree" name="testThree" time="0.000"/>
  <system-out/>
  <testcase classname="excludetest.ClassThree" name="testOne" time="0.000"/>
  <system-out/>
</testsuite> <!-- excludetest.ClassThree -->
