<?xml version="1.0" encoding="UTF-8"?>
<!-- Generated by org.testng.reporters.JUnitReportReporter -->
<testsuite hostname="Salman" failures="0" tests="1" name="group.ClassTwo" time="0.002" errors="0" timestamp="2024-02-13T15:50:38 IST" skipped="0">
  <testcase classname="group.ClassTwo" name="testTwo" time="0.002"/>
  <system-out/>
</testsuite> <!-- group.ClassTwo -->
