<?xml version="1.0" encoding="UTF-8"?>
<!-- Generated by org.testng.reporters.JUnitReportReporter -->
<testsuite hostname="Salman" failures="0" tests="1" name="practice.BasicPractice.Parametrized" time="6.562" errors="0" timestamp="2024-03-23T16:06:05 IST" skipped="0">
  <testcase classname="practice.BasicPractice.Parametrized" name="testOne" time="6.562"/>
  <system-out/>
</testsuite> <!-- practice.BasicPractice.Parametrized -->
