<?xml version="1.0" encoding="UTF-8"?>
<!-- Generated by org.testng.reporters.JUnitReportReporter -->
<testsuite hostname="Salman" failures="0" tests="1" name="multiplewindowhandles.WindowHandleTest" time="13.064" errors="0" timestamp="2024-05-09T22:25:01 IST" skipped="0">
  <testcase classname="multiplewindowhandles.WindowHandleTest" name="windowHandle" time="13.064"/>
  <system-out/>
</testsuite> <!-- multiplewindowhandles.WindowHandleTest -->
