<?xml version="1.0" encoding="UTF-8"?>
<!-- Generated by org.testng.reporters.JUnitReportReporter -->
<testsuite hostname="Salman" failures="0" tests="1" name="group.ClassThree" time="0.001" errors="0" timestamp="2024-02-13T15:50:38 IST" skipped="0">
  <testcase classname="group.ClassThree" name="testThree" time="0.001"/>
  <system-out/>
</testsuite> <!-- group.ClassThree -->
