<?xml version="1.0" encoding="UTF-8"?>
<!-- Generated by org.testng.reporters.JUnitReportReporter -->
<testsuite hostname="Salman" failures="0" tests="3" name="practice.BasicPractice.DataProviders" time="0.016" errors="0" timestamp="2024-02-13T15:20:33 IST" skipped="0">
  <testcase classname="practice.BasicPractice.DataProviders" name="loginTest" time="0.014"/>
  <system-out/>
  <testcase classname="practice.BasicPractice.DataProviders" name="loginTest" time="0.001"/>
  <system-out/>
  <testcase classname="practice.BasicPractice.DataProviders" name="loginTest" time="0.001"/>
  <system-out/>
</testsuite> <!-- practice.BasicPractice.DataProviders -->
