<?xml version="1.0" encoding="UTF-8"?>
<!-- Generated by org.testng.reporters.JUnitReportReporter -->
<testsuite hostname="Salman" failures="0" tests="3" name="excludetest.ClassTwo" time="0.013" errors="0" timestamp="2024-02-13T16:04:40 IST" skipped="0">
  <testcase classname="excludetest.ClassTwo" name="testThree" time="0.002"/>
  <system-out/>
  <testcase classname="excludetest.ClassTwo" name="testTwo" time="0.002"/>
  <system-out/>
  <testcase classname="excludetest.ClassTwo" name="testOne" time="0.009"/>
  <system-out/>
</testsuite> <!-- excludetest.ClassTwo -->
